[2025-08-08 14:08:37,441] INFO in app: ==================================================
[2025-08-08 14:08:37,457] INFO in app: Application logging initialized successfully
[2025-08-08 14:08:37,460] INFO in app: Log directory: C:\Users\pc\loan-app\logs
[2025-08-08 14:08:37,469] INFO in app: Python version: 3.13.3 (tags/v3.13.3:6280bb5, Apr  8 2025, 14:47:33) [MSC v.1943 64 bit (AMD64)]
[2025-08-08 14:08:37,472] INFO in app: System encoding: utf-8
[2025-08-08 14:08:37,474] INFO in app: ==================================================
2025-08-08 14:08:37,856 - INFO - Adding job tentatively -- it will be properly scheduled when the scheduler starts
2025-08-08 14:08:37,861 - INFO - Added job "snapshot_par" to job store "default"
2025-08-08 14:08:37,861 - INFO - Scheduler started
2025-08-08 14:08:37,896 - INFO - Added job "auto_post_payments" to job store "default"
2025-08-08 14:08:37,898 - INFO - Added job "send_sales_notification_email" to job store "default"
2025-08-08 14:08:37,913 - INFO - [31m[1mWARNING: This is a development server. Do not use it in a production deployment. Use a production WSGI server instead.[0m
 * Running on http://127.0.0.1:5000
2025-08-08 14:08:37,914 - INFO - [33mPress CTRL+C to quit[0m
[2025-08-08 14:26:07,275] INFO in app: ==================================================
[2025-08-08 14:26:07,284] INFO in app: Application logging initialized successfully
[2025-08-08 14:26:07,285] INFO in app: Log directory: C:\Users\pc\loan-app\logs
[2025-08-08 14:26:07,289] INFO in app: Python version: 3.13.3 (tags/v3.13.3:6280bb5, Apr  8 2025, 14:47:33) [MSC v.1943 64 bit (AMD64)]
[2025-08-08 14:26:07,293] INFO in app: System encoding: utf-8
[2025-08-08 14:26:07,299] INFO in app: ==================================================
2025-08-08 14:26:07,657 - INFO - Adding job tentatively -- it will be properly scheduled when the scheduler starts
2025-08-08 14:26:07,661 - INFO - Added job "snapshot_par" to job store "default"
2025-08-08 14:26:07,661 - INFO - Scheduler started
2025-08-08 14:26:07,706 - INFO - Added job "auto_post_payments" to job store "default"
2025-08-08 14:26:07,707 - INFO - Added job "send_sales_notification_email" to job store "default"
2025-08-08 14:26:07,731 - INFO - [31m[1mWARNING: This is a development server. Do not use it in a production deployment. Use a production WSGI server instead.[0m
 * Running on http://127.0.0.1:5000
2025-08-08 14:26:07,731 - INFO - [33mPress CTRL+C to quit[0m
[2025-08-08 14:35:22,367] INFO in app: ==================================================
[2025-08-08 14:35:22,377] INFO in app: Application logging initialized successfully
[2025-08-08 14:35:22,382] INFO in app: Log directory: C:\Users\pc\loan-app\logs
[2025-08-08 14:35:22,391] INFO in app: Python version: 3.13.3 (tags/v3.13.3:6280bb5, Apr  8 2025, 14:47:33) [MSC v.1943 64 bit (AMD64)]
[2025-08-08 14:35:22,394] INFO in app: System encoding: utf-8
[2025-08-08 14:35:22,395] INFO in app: ==================================================
2025-08-08 14:35:22,996 - INFO - Adding job tentatively -- it will be properly scheduled when the scheduler starts
2025-08-08 14:35:22,998 - INFO - Added job "snapshot_par" to job store "default"
2025-08-08 14:35:22,998 - INFO - Scheduler started
2025-08-08 14:35:23,023 - INFO - Added job "auto_post_payments" to job store "default"
2025-08-08 14:35:23,024 - INFO - Added job "send_sales_notification_email" to job store "default"
2025-08-08 14:35:23,034 - INFO - [31m[1mWARNING: This is a development server. Do not use it in a production deployment. Use a production WSGI server instead.[0m
 * Running on http://127.0.0.1:5000
2025-08-08 14:35:23,034 - INFO - [33mPress CTRL+C to quit[0m
2025-08-08 14:44:40,492 - INFO - 127.0.0.1 - - [08/Aug/2025 14:44:40] "GET /income_report HTTP/1.1" 200 -
2025-08-08 14:44:40,781 - INFO - 127.0.0.1 - - [08/Aug/2025 14:44:40] "[33mGET /favicon.ico HTTP/1.1[0m" 404 -
2025-08-08 14:45:09,085 - INFO - 127.0.0.1 - - [08/Aug/2025 14:45:09] "POST /income_report HTTP/1.1" 200 -
2025-08-08 14:45:32,202 - INFO - 127.0.0.1 - - [08/Aug/2025 14:45:32] "GET /loanbook HTTP/1.1" 200 -
2025-08-08 14:45:45,050 - INFO - 127.0.0.1 - - [08/Aug/2025 14:45:45] "GET /loan/148000014/statement HTTP/1.1" 200 -
[2025-08-08 14:49:18,343] INFO in app: ==================================================
[2025-08-08 14:49:18,356] INFO in app: Application logging initialized successfully
[2025-08-08 14:49:18,364] INFO in app: Log directory: C:\Users\pc\loan-app\logs
[2025-08-08 14:49:18,380] INFO in app: Python version: 3.13.3 (tags/v3.13.3:6280bb5, Apr  8 2025, 14:47:33) [MSC v.1943 64 bit (AMD64)]
[2025-08-08 14:49:18,383] INFO in app: System encoding: utf-8
[2025-08-08 14:49:18,385] INFO in app: ==================================================
2025-08-08 14:49:18,876 - INFO - Adding job tentatively -- it will be properly scheduled when the scheduler starts
2025-08-08 14:49:18,880 - INFO - Added job "snapshot_par" to job store "default"
2025-08-08 14:49:18,880 - INFO - Scheduler started
2025-08-08 14:49:18,928 - INFO - Added job "auto_post_payments" to job store "default"
2025-08-08 14:49:18,929 - INFO - Added job "send_sales_notification_email" to job store "default"
2025-08-08 14:49:18,947 - INFO - [31m[1mWARNING: This is a development server. Do not use it in a production deployment. Use a production WSGI server instead.[0m
 * Running on http://127.0.0.1:5000
2025-08-08 14:49:18,947 - INFO - [33mPress CTRL+C to quit[0m
2025-08-08 14:49:24,648 - INFO - 127.0.0.1 - - [08/Aug/2025 14:49:24] "GET /placements HTTP/1.1" 200 -
2025-08-08 14:49:25,149 - INFO - 127.0.0.1 - - [08/Aug/2025 14:49:25] "GET /income_report HTTP/1.1" 200 -
2025-08-08 14:49:43,955 - INFO - 127.0.0.1 - - [08/Aug/2025 14:49:43] "POST /income_report HTTP/1.1" 200 -
2025-08-08 14:49:46,883 - INFO - 127.0.0.1 - - [08/Aug/2025 14:49:46] "GET /export_income_report_csv?start_date=2025-01-01&end_date=2025-08-31 HTTP/1.1" 200 -
[2025-08-08 14:51:26,733] INFO in app: ==================================================
[2025-08-08 14:51:26,750] INFO in app: Application logging initialized successfully
[2025-08-08 14:51:26,754] INFO in app: Log directory: C:\Users\pc\loan-app\logs
[2025-08-08 14:51:26,755] INFO in app: Python version: 3.13.3 (tags/v3.13.3:6280bb5, Apr  8 2025, 14:47:33) [MSC v.1943 64 bit (AMD64)]
[2025-08-08 14:51:26,770] INFO in app: System encoding: utf-8
[2025-08-08 14:51:26,774] INFO in app: ==================================================
2025-08-08 14:51:27,289 - INFO - Adding job tentatively -- it will be properly scheduled when the scheduler starts
2025-08-08 14:51:27,291 - INFO - Added job "snapshot_par" to job store "default"
2025-08-08 14:51:27,291 - INFO - Scheduler started
2025-08-08 14:51:27,337 - INFO - Added job "auto_post_payments" to job store "default"
2025-08-08 14:51:27,338 - INFO - Added job "send_sales_notification_email" to job store "default"
[2025-08-08 14:53:46,899] INFO in app: ==================================================
[2025-08-08 14:53:46,935] INFO in app: Application logging initialized successfully
[2025-08-08 14:53:46,937] INFO in app: Log directory: C:\Users\pc\loan-app\logs
[2025-08-08 14:53:46,941] INFO in app: Python version: 3.13.3 (tags/v3.13.3:6280bb5, Apr  8 2025, 14:47:33) [MSC v.1943 64 bit (AMD64)]
[2025-08-08 14:53:46,943] INFO in app: System encoding: utf-8
[2025-08-08 14:53:46,955] INFO in app: ==================================================
2025-08-08 14:53:47,421 - INFO - Adding job tentatively -- it will be properly scheduled when the scheduler starts
2025-08-08 14:53:47,423 - INFO - Added job "snapshot_par" to job store "default"
2025-08-08 14:53:47,423 - INFO - Scheduler started
2025-08-08 14:53:47,472 - INFO - Added job "auto_post_payments" to job store "default"
2025-08-08 14:53:47,473 - INFO - Added job "send_sales_notification_email" to job store "default"
2025-08-08 14:53:47,486 - INFO - [31m[1mWARNING: This is a development server. Do not use it in a production deployment. Use a production WSGI server instead.[0m
 * Running on http://127.0.0.1:5000
2025-08-08 14:53:47,487 - INFO - [33mPress CTRL+C to quit[0m
[2025-08-08 15:15:48,567] INFO in app: ==================================================
[2025-08-08 15:15:48,576] INFO in app: Application logging initialized successfully
[2025-08-08 15:15:48,584] INFO in app: Log directory: C:\Users\pc\loan-app\logs
[2025-08-08 15:15:48,588] INFO in app: Python version: 3.13.3 (tags/v3.13.3:6280bb5, Apr  8 2025, 14:47:33) [MSC v.1943 64 bit (AMD64)]
[2025-08-08 15:15:48,591] INFO in app: System encoding: utf-8
[2025-08-08 15:15:48,593] INFO in app: ==================================================
2025-08-08 15:15:49,217 - INFO - Adding job tentatively -- it will be properly scheduled when the scheduler starts
2025-08-08 15:15:49,219 - INFO - Added job "snapshot_par" to job store "default"
2025-08-08 15:15:49,220 - INFO - Scheduler started
2025-08-08 15:15:49,263 - INFO - Added job "auto_post_payments" to job store "default"
2025-08-08 15:15:49,263 - INFO - Added job "send_sales_notification_email" to job store "default"
2025-08-08 15:15:49,279 - INFO - [31m[1mWARNING: This is a development server. Do not use it in a production deployment. Use a production WSGI server instead.[0m
 * Running on http://127.0.0.1:5000
2025-08-08 15:15:49,279 - INFO - [33mPress CTRL+C to quit[0m
2025-08-08 15:16:03,319 - INFO - 127.0.0.1 - - [08/Aug/2025 15:16:03] "POST /income_report HTTP/1.1" 200 -
2025-08-08 15:16:04,052 - INFO - 127.0.0.1 - - [08/Aug/2025 15:16:04] "[33mGET /favicon.ico HTTP/1.1[0m" 404 -
2025-08-08 15:16:20,066 - INFO - 127.0.0.1 - - [08/Aug/2025 15:16:20] "POST /income_report HTTP/1.1" 200 -
2025-08-08 15:16:22,829 - INFO - 127.0.0.1 - - [08/Aug/2025 15:16:22] "POST /income_report HTTP/1.1" 200 -
2025-08-08 15:16:29,942 - INFO - 127.0.0.1 - - [08/Aug/2025 15:16:29] "GET /detailed_income_breakdown HTTP/1.1" 200 -
[2025-08-08 15:17:22,340] INFO in app: ==================================================
[2025-08-08 15:17:22,353] INFO in app: Application logging initialized successfully
[2025-08-08 15:17:22,358] INFO in app: Log directory: C:\Users\pc\loan-app\logs
[2025-08-08 15:17:22,363] INFO in app: Python version: 3.13.3 (tags/v3.13.3:6280bb5, Apr  8 2025, 14:47:33) [MSC v.1943 64 bit (AMD64)]
[2025-08-08 15:17:22,371] INFO in app: System encoding: utf-8
[2025-08-08 15:17:22,377] INFO in app: ==================================================
2025-08-08 15:17:22,842 - INFO - Adding job tentatively -- it will be properly scheduled when the scheduler starts
2025-08-08 15:17:22,845 - INFO - Added job "snapshot_par" to job store "default"
2025-08-08 15:17:22,845 - INFO - Scheduler started
2025-08-08 15:17:22,891 - INFO - Added job "auto_post_payments" to job store "default"
2025-08-08 15:17:22,891 - INFO - Added job "send_sales_notification_email" to job store "default"
2025-08-08 15:17:22,904 - INFO - [31m[1mWARNING: This is a development server. Do not use it in a production deployment. Use a production WSGI server instead.[0m
 * Running on http://127.0.0.1:5000
2025-08-08 15:17:22,905 - INFO - [33mPress CTRL+C to quit[0m
2025-08-08 15:17:25,854 - INFO - 127.0.0.1 - - [08/Aug/2025 15:17:25] "GET /detailed_income_breakdown HTTP/1.1" 200 -
2025-08-08 15:17:27,108 - INFO - 127.0.0.1 - - [08/Aug/2025 15:17:27] "[33mGET /favicon.ico HTTP/1.1[0m" 404 -
[2025-08-08 15:40:22,325] INFO in app: ==================================================
[2025-08-08 15:40:22,337] INFO in app: Application logging initialized successfully
[2025-08-08 15:40:22,340] INFO in app: Log directory: C:\Users\pc\loan-app\logs
[2025-08-08 15:40:22,342] INFO in app: Python version: 3.13.3 (tags/v3.13.3:6280bb5, Apr  8 2025, 14:47:33) [MSC v.1943 64 bit (AMD64)]
[2025-08-08 15:40:22,352] INFO in app: System encoding: utf-8
[2025-08-08 15:40:22,356] INFO in app: ==================================================
2025-08-08 15:40:22,763 - INFO - Adding job tentatively -- it will be properly scheduled when the scheduler starts
2025-08-08 15:40:22,778 - INFO - Added job "snapshot_par" to job store "default"
2025-08-08 15:40:22,778 - INFO - Scheduler started
2025-08-08 15:40:22,822 - INFO - Added job "auto_post_payments" to job store "default"
2025-08-08 15:40:22,822 - INFO - Added job "send_sales_notification_email" to job store "default"
2025-08-08 15:40:22,841 - INFO - [31m[1mWARNING: This is a development server. Do not use it in a production deployment. Use a production WSGI server instead.[0m
 * Running on http://127.0.0.1:5000
2025-08-08 15:40:22,841 - INFO - [33mPress CTRL+C to quit[0m
[2025-08-08 15:41:06,610] INFO in app: ==================================================
[2025-08-08 15:41:06,621] INFO in app: Application logging initialized successfully
[2025-08-08 15:41:06,628] INFO in app: Log directory: C:\Users\pc\loan-app\logs
[2025-08-08 15:41:06,640] INFO in app: Python version: 3.13.3 (tags/v3.13.3:6280bb5, Apr  8 2025, 14:47:33) [MSC v.1943 64 bit (AMD64)]
[2025-08-08 15:41:06,646] INFO in app: System encoding: utf-8
[2025-08-08 15:41:06,656] INFO in app: ==================================================
2025-08-08 15:41:07,178 - INFO - Adding job tentatively -- it will be properly scheduled when the scheduler starts
2025-08-08 15:41:07,181 - INFO - Added job "snapshot_par" to job store "default"
2025-08-08 15:41:07,181 - INFO - Scheduler started
2025-08-08 15:41:07,233 - INFO - Added job "auto_post_payments" to job store "default"
2025-08-08 15:41:07,234 - INFO - Added job "send_sales_notification_email" to job store "default"
2025-08-08 15:41:07,248 - INFO - [31m[1mWARNING: This is a development server. Do not use it in a production deployment. Use a production WSGI server instead.[0m
 * Running on http://127.0.0.1:5000
2025-08-08 15:41:07,248 - INFO - [33mPress CTRL+C to quit[0m
2025-08-08 15:46:07,238 - INFO - Running job "auto_post_payments (trigger: interval[0:05:00], next run at: 2025-08-08 15:46:07 CAT)" (scheduled at 2025-08-08 15:46:07.232596+02:00)
2025-08-08 15:46:07,239 - INFO - {"event": "auto_post_start", "date": "2025-08-08", "timestamp": "2025-08-08 15:46:07.239268"}
2025-08-08 15:46:07,250 - INFO - {"event": "schedules_fetched", "count": 0, "schedule_ids": [], "due_dates": []}
2025-08-08 15:46:07,251 - INFO - {"event": "auto_post_complete", "posted_count": 0, "backdated_count": 0}
2025-08-08 15:46:07,251 - INFO - Job "auto_post_payments (trigger: interval[0:05:00], next run at: 2025-08-08 15:51:07 CAT)" executed successfully
2025-08-08 15:51:07,244 - INFO - Running job "auto_post_payments (trigger: interval[0:05:00], next run at: 2025-08-08 15:56:07 CAT)" (scheduled at 2025-08-08 15:51:07.232596+02:00)
2025-08-08 15:51:07,246 - INFO - {"event": "auto_post_start", "date": "2025-08-08", "timestamp": "2025-08-08 15:51:07.246149"}
2025-08-08 15:51:07,249 - INFO - {"event": "schedules_fetched", "count": 0, "schedule_ids": [], "due_dates": []}
2025-08-08 15:51:07,249 - INFO - {"event": "auto_post_complete", "posted_count": 0, "backdated_count": 0}
2025-08-08 15:51:07,250 - INFO - Job "auto_post_payments (trigger: interval[0:05:00], next run at: 2025-08-08 15:56:07 CAT)" executed successfully
2025-08-08 15:56:07,245 - INFO - Running job "auto_post_payments (trigger: interval[0:05:00], next run at: 2025-08-08 16:01:07 CAT)" (scheduled at 2025-08-08 15:56:07.232596+02:00)
2025-08-08 15:56:07,246 - INFO - {"event": "auto_post_start", "date": "2025-08-08", "timestamp": "2025-08-08 15:56:07.246270"}
2025-08-08 15:56:07,247 - INFO - {"event": "schedules_fetched", "count": 0, "schedule_ids": [], "due_dates": []}
2025-08-08 15:56:07,247 - INFO - {"event": "auto_post_complete", "posted_count": 0, "backdated_count": 0}
2025-08-08 15:56:07,248 - INFO - Job "auto_post_payments (trigger: interval[0:05:00], next run at: 2025-08-08 16:01:07 CAT)" executed successfully
2025-08-08 16:01:07,234 - INFO - Running job "auto_post_payments (trigger: interval[0:05:00], next run at: 2025-08-08 16:06:07 CAT)" (scheduled at 2025-08-08 16:01:07.232596+02:00)
2025-08-08 16:01:07,234 - INFO - {"event": "auto_post_start", "date": "2025-08-08", "timestamp": "2025-08-08 16:01:07.234823"}
2025-08-08 16:01:07,236 - INFO - {"event": "schedules_fetched", "count": 0, "schedule_ids": [], "due_dates": []}
2025-08-08 16:01:07,236 - INFO - {"event": "auto_post_complete", "posted_count": 0, "backdated_count": 0}
2025-08-08 16:01:07,237 - INFO - Job "auto_post_payments (trigger: interval[0:05:00], next run at: 2025-08-08 16:06:07 CAT)" executed successfully
2025-08-08 16:06:07,235 - INFO - Running job "auto_post_payments (trigger: interval[0:05:00], next run at: 2025-08-08 16:11:07 CAT)" (scheduled at 2025-08-08 16:06:07.232596+02:00)
2025-08-08 16:06:07,235 - INFO - {"event": "auto_post_start", "date": "2025-08-08", "timestamp": "2025-08-08 16:06:07.235673"}
2025-08-08 16:06:07,238 - INFO - {"event": "schedules_fetched", "count": 0, "schedule_ids": [], "due_dates": []}
2025-08-08 16:06:07,238 - INFO - {"event": "auto_post_complete", "posted_count": 0, "backdated_count": 0}
2025-08-08 16:06:07,238 - INFO - Job "auto_post_payments (trigger: interval[0:05:00], next run at: 2025-08-08 16:11:07 CAT)" executed successfully
2025-08-08 16:11:07,244 - INFO - Running job "auto_post_payments (trigger: interval[0:05:00], next run at: 2025-08-08 16:16:07 CAT)" (scheduled at 2025-08-08 16:11:07.232596+02:00)
2025-08-08 16:11:07,246 - INFO - {"event": "auto_post_start", "date": "2025-08-08", "timestamp": "2025-08-08 16:11:07.245948"}
2025-08-08 16:11:07,249 - INFO - {"event": "schedules_fetched", "count": 0, "schedule_ids": [], "due_dates": []}
2025-08-08 16:11:07,250 - INFO - {"event": "auto_post_complete", "posted_count": 0, "backdated_count": 0}
2025-08-08 16:11:07,250 - INFO - Job "auto_post_payments (trigger: interval[0:05:00], next run at: 2025-08-08 16:16:07 CAT)" executed successfully
2025-08-08 16:16:07,243 - INFO - Running job "auto_post_payments (trigger: interval[0:05:00], next run at: 2025-08-08 16:21:07 CAT)" (scheduled at 2025-08-08 16:16:07.232596+02:00)
2025-08-08 16:16:07,244 - INFO - {"event": "auto_post_start", "date": "2025-08-08", "timestamp": "2025-08-08 16:16:07.244170"}
2025-08-08 16:16:07,246 - INFO - {"event": "schedules_fetched", "count": 0, "schedule_ids": [], "due_dates": []}
2025-08-08 16:16:07,246 - INFO - {"event": "auto_post_complete", "posted_count": 0, "backdated_count": 0}
2025-08-08 16:16:07,246 - INFO - Job "auto_post_payments (trigger: interval[0:05:00], next run at: 2025-08-08 16:21:07 CAT)" executed successfully
2025-08-08 16:21:07,241 - INFO - Running job "auto_post_payments (trigger: interval[0:05:00], next run at: 2025-08-08 16:26:07 CAT)" (scheduled at 2025-08-08 16:21:07.232596+02:00)
2025-08-08 16:21:07,242 - INFO - {"event": "auto_post_start", "date": "2025-08-08", "timestamp": "2025-08-08 16:21:07.242327"}
2025-08-08 16:21:07,244 - INFO - {"event": "schedules_fetched", "count": 0, "schedule_ids": [], "due_dates": []}
2025-08-08 16:21:07,244 - INFO - {"event": "auto_post_complete", "posted_count": 0, "backdated_count": 0}
2025-08-08 16:21:07,245 - INFO - Job "auto_post_payments (trigger: interval[0:05:00], next run at: 2025-08-08 16:26:07 CAT)" executed successfully
2025-08-08 16:26:07,247 - INFO - Running job "auto_post_payments (trigger: interval[0:05:00], next run at: 2025-08-08 16:31:07 CAT)" (scheduled at 2025-08-08 16:26:07.232596+02:00)
2025-08-08 16:26:07,252 - INFO - {"event": "auto_post_start", "date": "2025-08-08", "timestamp": "2025-08-08 16:26:07.252630"}
2025-08-08 16:26:07,257 - INFO - {"event": "schedules_fetched", "count": 0, "schedule_ids": [], "due_dates": []}
2025-08-08 16:26:07,257 - INFO - {"event": "auto_post_complete", "posted_count": 0, "backdated_count": 0}
2025-08-08 16:26:07,257 - INFO - Job "auto_post_payments (trigger: interval[0:05:00], next run at: 2025-08-08 16:31:07 CAT)" executed successfully
2025-08-08 16:31:07,238 - INFO - Running job "auto_post_payments (trigger: interval[0:05:00], next run at: 2025-08-08 16:36:07 CAT)" (scheduled at 2025-08-08 16:31:07.232596+02:00)
2025-08-08 16:31:07,239 - INFO - {"event": "auto_post_start", "date": "2025-08-08", "timestamp": "2025-08-08 16:31:07.239542"}
2025-08-08 16:31:07,242 - INFO - {"event": "schedules_fetched", "count": 0, "schedule_ids": [], "due_dates": []}
2025-08-08 16:31:07,242 - INFO - {"event": "auto_post_complete", "posted_count": 0, "backdated_count": 0}
2025-08-08 16:31:07,243 - INFO - Job "auto_post_payments (trigger: interval[0:05:00], next run at: 2025-08-08 16:36:07 CAT)" executed successfully
2025-08-08 16:36:07,248 - INFO - Running job "auto_post_payments (trigger: interval[0:05:00], next run at: 2025-08-08 16:41:07 CAT)" (scheduled at 2025-08-08 16:36:07.232596+02:00)
2025-08-08 16:36:07,249 - INFO - {"event": "auto_post_start", "date": "2025-08-08", "timestamp": "2025-08-08 16:36:07.249695"}
2025-08-08 16:36:07,252 - INFO - {"event": "schedules_fetched", "count": 0, "schedule_ids": [], "due_dates": []}
2025-08-08 16:36:07,252 - INFO - {"event": "auto_post_complete", "posted_count": 0, "backdated_count": 0}
2025-08-08 16:36:07,252 - INFO - Job "auto_post_payments (trigger: interval[0:05:00], next run at: 2025-08-08 16:41:07 CAT)" executed successfully
[2025-08-08 16:37:05,672] INFO in app: ==================================================
[2025-08-08 16:37:05,789] INFO in app: Application logging initialized successfully
[2025-08-08 16:37:05,823] INFO in app: Log directory: C:\Users\pc\loan-app\logs
[2025-08-08 16:37:05,841] INFO in app: Python version: 3.13.3 (tags/v3.13.3:6280bb5, Apr  8 2025, 14:47:33) [MSC v.1943 64 bit (AMD64)]
[2025-08-08 16:37:05,907] INFO in app: System encoding: utf-8
[2025-08-08 16:37:05,957] INFO in app: ==================================================
